Using pre-set license
Built from '2020.3/staging' branch; Version is '2020.3.21f1 (a38c86f6690f) revision 10718342'; Using compiler version '192528614'; Build Type 'Release'
OS: 'Windows 10 Pro; OS build 19043.1466; Version 2009; 64bit' Language: 'en' Physical Memory: 8161 MB
BatchMode: 1, IsHumanControllingUs: 0, StartBugReporterOnCrash: 0, Is64bit: 1, IsPro: 0

COMMAND LINE ARGUMENTS:
E:\unityEdit\2020.3.21f1\Editor\Unity.exe
-adb2
-batchMode
-noUpm
-name
AssetImportWorker0
-projectPath
E:/Baka/LifeSim/EcosystemSim
-logFile
Logs/AssetImportWorker0.log
-srvPort
55387
Successfully changed project path to: E:/Baka/LifeSim/EcosystemSim
E:/Baka/LifeSim/EcosystemSim
Using Asset Import Pipeline V2.
Refreshing native plugins compatible for Editor in 82.01 ms, found 2 plugins.
Preloading 0 native plugins for Editor in 0.00 ms.
Initialize engine version: 2020.3.21f1 (a38c86f6690f)
[Subsystems] Discovering subsystems at path E:/unityEdit/2020.3.21f1/Editor/Data/Resources/UnitySubsystems
[Subsystems] Discovering subsystems at path E:/Baka/LifeSim/EcosystemSim/Assets
GfxDevice: creating device client; threaded=0
Direct3D:
    Version:  Direct3D 11.0 [level 11.1]
    Renderer: NVIDIA GeForce GTX 1050 Ti (ID=0x1c82)
    Vendor:   
    VRAM:     4018 MB
    Driver:   30.0.15.1109
Initialize mono
Mono path[0] = 'E:/unityEdit/2020.3.21f1/Editor/Data/Managed'
Mono path[1] = 'E:/unityEdit/2020.3.21f1/Editor/Data/MonoBleedingEdge/lib/mono/unityjit'
Mono config path = 'E:/unityEdit/2020.3.21f1/Editor/Data/MonoBleedingEdge/etc'
Using monoOptions --debugger-agent=transport=dt_socket,embedding=1,server=y,suspend=n,address=127.0.0.1:56712
Begin MonoManager ReloadAssembly
Registering precompiled unity dll's ...
Register platform support module: E:/unityEdit/2020.3.21f1/Editor/Data/PlaybackEngines/WebGLSupport/UnityEditor.WebGL.Extensions.dll
Register platform support module: E:/unityEdit/2020.3.21f1/Editor/Data/PlaybackEngines/WindowsStandaloneSupport/UnityEditor.WindowsStandalone.Extensions.dll
Registered in 0.002763 seconds.
Native extension for WindowsStandalone target not found
Native extension for WebGL target not found
Refreshing native plugins compatible for Editor in 82.14 ms, found 2 plugins.
Preloading 0 native plugins for Editor in 0.00 ms.
Mono: successfully reloaded assembly
- Completed reload, in  2.571 seconds
Domain Reload Profiling:
	ReloadAssembly (2571ms)
		BeginReloadAssembly (84ms)
			ExecutionOrderSort (0ms)
			DisableScriptedObjects (0ms)
			BackupInstance (0ms)
			ReleaseScriptingObjects (0ms)
			CreateAndSetChildDomain (1ms)
		EndReloadAssembly (756ms)
			LoadAssemblies (82ms)
			RebuildTransferFunctionScriptingTraits (0ms)
			SetupTypeCache (272ms)
			ReleaseScriptCaches (0ms)
			RebuildScriptCaches (49ms)
			SetupLoadedEditorAssemblies (278ms)
				LogAssemblyErrors (0ms)
				InitializePlatformSupportModulesInManaged (7ms)
				SetLoadedEditorAssemblies (0ms)
				RefreshPlugins (82ms)
				BeforeProcessingInitializeOnLoad (18ms)
				ProcessInitializeOnLoadAttributes (129ms)
				ProcessInitializeOnLoadMethodAttributes (40ms)
				AfterProcessingInitializeOnLoad (0ms)
				EditorAssembliesLoaded (0ms)
			ExecutionOrderSort2 (0ms)
			AwakeInstancesAfterBackupRestoration (0ms)
Platform modules already initialized, skipping
Registering precompiled user dll's ...
Registered in 0.006960 seconds.
Begin MonoManager ReloadAssembly
Native extension for WindowsStandalone target not found
Native extension for WebGL target not found
Refreshing native plugins compatible for Editor in 75.94 ms, found 2 plugins.
Preloading 0 native plugins for Editor in 0.00 ms.
Mono: successfully reloaded assembly
- Completed reload, in  1.668 seconds
Domain Reload Profiling:
	ReloadAssembly (1669ms)
		BeginReloadAssembly (218ms)
			ExecutionOrderSort (0ms)
			DisableScriptedObjects (7ms)
			BackupInstance (0ms)
			ReleaseScriptingObjects (0ms)
			CreateAndSetChildDomain (26ms)
		EndReloadAssembly (1363ms)
			LoadAssemblies (141ms)
			RebuildTransferFunctionScriptingTraits (0ms)
			SetupTypeCache (475ms)
			ReleaseScriptCaches (1ms)
			RebuildScriptCaches (77ms)
			SetupLoadedEditorAssemblies (505ms)
				LogAssemblyErrors (0ms)
				InitializePlatformSupportModulesInManaged (7ms)
				SetLoadedEditorAssemblies (0ms)
				RefreshPlugins (76ms)
				BeforeProcessingInitializeOnLoad (117ms)
				ProcessInitializeOnLoadAttributes (286ms)
				ProcessInitializeOnLoadMethodAttributes (13ms)
				AfterProcessingInitializeOnLoad (5ms)
				EditorAssembliesLoaded (0ms)
			ExecutionOrderSort2 (0ms)
			AwakeInstancesAfterBackupRestoration (10ms)
Platform modules already initialized, skipping
========================================================================
Worker process is ready to serve import requests
Launched and connected shader compiler UnityShaderCompiler.exe after 0.11 seconds
Refreshing native plugins compatible for Editor in 0.70 ms, found 2 plugins.
Preloading 0 native plugins for Editor in 0.00 ms.
Unloading 2801 Unused Serialized files (Serialized files now loaded: 0)
System memory in use before: 125.3 MB.
System memory in use after: 125.5 MB.

Unloading 20 unused Assets to reduce memory usage. Loaded Objects now: 3232.
Total: 4.427400 ms (FindLiveObjects: 0.275500 ms CreateObjectMapping: 0.121900 ms MarkObjects: 3.921100 ms  DeleteObjects: 0.107100 ms)

AssetImportParameters requested are different than current active one (requested -> active):
  custom:framework-win-MediaFoundation: 216162199b28c13a410421893ffa2e32 -> 
  custom:video-decoder-ogg-theora: a1e56fd34408186e4bbccfd4996cb3dc -> 
  custom:container-muxer-webm: aa71ff27fc2769a1b78a27578f13a17b -> 
  custom:container-demuxer-webm: 4f35f7cbe854078d1ac9338744f61a02 -> 
  custom:container-demuxer-ogg: 62fdf1f143b41e24485cea50d1cbac27 -> 
  custom:video-encoder-webm-vp8: eb34c28f22e8b96e1ab97ce403110664 -> 
  custom:video-decoder-webm-vp8: 9c59270c3fd7afecdb556c50c9e8de78 -> 
  custom:audio-decoder-ogg-vorbis: bf7c407c2cedff20999df2af8eb42d56 -> 
  custom:audio-encoder-webm-vorbis: bf7c407c2cedff20999df2af8eb42d56 -> 
========================================================================
Received Prepare
Refreshing native plugins compatible for Editor in 4.37 ms, found 2 plugins.
Preloading 0 native plugins for Editor in 0.00 ms.
Unloading 14 Unused Serialized files (Serialized files now loaded: 0)
System memory in use before: 65.2 MB.
System memory in use after: 65.4 MB.

Unloading 13 unused Assets to reduce memory usage. Loaded Objects now: 3232.
Total: 5.249100 ms (FindLiveObjects: 0.275900 ms CreateObjectMapping: 0.123100 ms MarkObjects: 4.813500 ms  DeleteObjects: 0.034700 ms)

AssetImportParameters requested are different than current active one (requested -> active):
  custom:framework-win-MediaFoundation: 216162199b28c13a410421893ffa2e32 -> 
  custom:video-decoder-ogg-theora: a1e56fd34408186e4bbccfd4996cb3dc -> 
  custom:container-muxer-webm: aa71ff27fc2769a1b78a27578f13a17b -> 
  custom:container-demuxer-webm: 4f35f7cbe854078d1ac9338744f61a02 -> 
  custom:container-demuxer-ogg: 62fdf1f143b41e24485cea50d1cbac27 -> 
  custom:video-encoder-webm-vp8: eb34c28f22e8b96e1ab97ce403110664 -> 
  custom:video-decoder-webm-vp8: 9c59270c3fd7afecdb556c50c9e8de78 -> 
  custom:audio-decoder-ogg-vorbis: bf7c407c2cedff20999df2af8eb42d56 -> 
  custom:audio-encoder-webm-vorbis: bf7c407c2cedff20999df2af8eb42d56 -> 
========================================================================
Received Import Request.
  path: Assets/Scenes
  artifactKey: Guid(626213d5126823f49aa7f620369f0ca7) Importer(815301076,1909f56bfc062723c751e8b465ee728b)
Start importing Assets/Scenes using Guid(626213d5126823f49aa7f620369f0ca7) Importer(815301076,1909f56bfc062723c751e8b465ee728b)  -> (artifact id: '35da1cfaa83fe3c3614eb43b1204bf42') in 0.016257 seconds 
  Import took 0.025779 seconds .

========================================================================
Received Import Request.
  Time since last request: 2.547896 seconds.
  path: Assets/Scenes/SampleSceneSettings.lighting
  artifactKey: Guid(08ab9bdb981a9ed44ad37b98ed360778) Importer(815301076,1909f56bfc062723c751e8b465ee728b)
Start importing Assets/Scenes/SampleSceneSettings.lighting using Guid(08ab9bdb981a9ed44ad37b98ed360778) Importer(815301076,1909f56bfc062723c751e8b465ee728b) LightingSettings: switching bake backend from 1 to 2.
 -> (artifact id: '266d46e2add91a9caab7e620a5ff96eb') in 0.274152 seconds 
  Import took 0.279912 seconds .

========================================================================
Received Import Request.
  Time since last request: 1.899067 seconds.
  path: Assets/Scenes/SampleScene.unity
  artifactKey: Guid(d1c3109bdb54ad54c8a2b2838528e640) Importer(815301076,1909f56bfc062723c751e8b465ee728b)
Start importing Assets/Scenes/SampleScene.unity using Guid(d1c3109bdb54ad54c8a2b2838528e640) Importer(815301076,1909f56bfc062723c751e8b465ee728b)  -> (artifact id: '6933d11ebdc0acd0c7633392106fc6f0') in 0.018236 seconds 
  Import took 0.025627 seconds .

========================================================================
Received Import Request.
  Time since last request: 17.027493 seconds.
  path: Assets/Prefabs
  artifactKey: Guid(b6a53febc15bdd2488e002175ff0c5dc) Importer(815301076,1909f56bfc062723c751e8b465ee728b)
Start importing Assets/Prefabs using Guid(b6a53febc15bdd2488e002175ff0c5dc) Importer(815301076,1909f56bfc062723c751e8b465ee728b)  -> (artifact id: '5eb79898fdac3d4e2c561dd79f47d31c') in 0.011326 seconds 
  Import took 0.019112 seconds .

========================================================================
Received Import Request.
  Time since last request: 121.299304 seconds.
  path: Assets/New Folder
  artifactKey: Guid(98244127f3ed48e4ea3fbf18de7f3bde) Importer(815301076,1909f56bfc062723c751e8b465ee728b)
Start importing Assets/New Folder using Guid(98244127f3ed48e4ea3fbf18de7f3bde) Importer(815301076,1909f56bfc062723c751e8b465ee728b)  -> (artifact id: '4173d897c70edf70fdface4814dd0bcb') in 0.030964 seconds 
  Import took 0.050340 seconds .

========================================================================
Received Import Request.
  Time since last request: 3.269173 seconds.
  path: Assets/Modles
  artifactKey: Guid(98244127f3ed48e4ea3fbf18de7f3bde) Importer(815301076,1909f56bfc062723c751e8b465ee728b)
Start importing Assets/Modles using Guid(98244127f3ed48e4ea3fbf18de7f3bde) Importer(815301076,1909f56bfc062723c751e8b465ee728b)  -> (artifact id: 'cc1746e5983957c38ae58f98b296b849') in 0.015291 seconds 
  Import took 0.023996 seconds .

========================================================================
Received Import Request.
  Time since last request: 4.879365 seconds.
  path: Assets/Models
  artifactKey: Guid(98244127f3ed48e4ea3fbf18de7f3bde) Importer(815301076,1909f56bfc062723c751e8b465ee728b)
Start importing Assets/Models using Guid(98244127f3ed48e4ea3fbf18de7f3bde) Importer(815301076,1909f56bfc062723c751e8b465ee728b)  -> (artifact id: '6ef35d1820f08676e968c82496f66c01') in 0.013847 seconds 
  Import took 0.023279 seconds .

========================================================================
Received Import Request.
  Time since last request: 9.569420 seconds.
  path: Assets/Materials 1
  artifactKey: Guid(80bf50d2cfa603e46b682e72ed999075) Importer(815301076,1909f56bfc062723c751e8b465ee728b)
Start importing Assets/Materials 1 using Guid(80bf50d2cfa603e46b682e72ed999075) Importer(815301076,1909f56bfc062723c751e8b465ee728b)  -> (artifact id: '28ea38f9b690376c7bc1dd208c7ece53') in 0.010868 seconds 
  Import took 0.024108 seconds .

========================================================================
Received Import Request.
  Time since last request: 7.791851 seconds.
  path: Assets/Textures
  artifactKey: Guid(80bf50d2cfa603e46b682e72ed999075) Importer(815301076,1909f56bfc062723c751e8b465ee728b)
Start importing Assets/Textures using Guid(80bf50d2cfa603e46b682e72ed999075) Importer(815301076,1909f56bfc062723c751e8b465ee728b)  -> (artifact id: 'c7f1c9204911ec32a7f5c5715b8c9375') in 0.017757 seconds 
  Import took 0.024884 seconds .

AssetImportWorkerClient::OnTransportError - code=2 error=End of file
